2023-03-12 14:33:52 DEBUG - Using ContextCustomizers for test class [AuthenticationServiceImplTest]: [ExcludeFilterContextCustomizer, DuplicateJsonObjectContextCustomizer, MockitoContextCustomizer, DisableObservabilityContextCustomizer, PropertyMappingContextCustomizer, Customizer, MockServerContainerContextCustomizer]
2023-03-12 14:33:52 DEBUG - Skipping candidate TestExecutionListener [org.springframework.test.context.transaction.TransactionalTestExecutionListener] due to a missing dependency. Specify custom TestExecutionListener classes or make the default TestExecutionListener classes and their required dependencies available. Offending class: [org/springframework/transaction/interceptor/TransactionAttributeSource]
2023-03-12 14:33:52 DEBUG - Skipping candidate TestExecutionListener [org.springframework.test.context.jdbc.SqlScriptsTestExecutionListener] due to a missing dependency. Specify custom TestExecutionListener classes or make the default TestExecutionListener classes and their required dependencies available. Offending class: [org/springframework/transaction/interceptor/TransactionAttribute]
2023-03-12 14:33:52 DEBUG - Using TestExecutionListeners for test class [AuthenticationServiceImplTest]: [ServletTestExecutionListener, DirtiesContextBeforeModesTestExecutionListener, ApplicationEventsTestExecutionListener, MockitoTestExecutionListener, DependencyInjectionTestExecutionListener, DirtiesContextTestExecutionListener, EventPublishingTestExecutionListener, ResetMocksTestExecutionListener, RestDocsTestExecutionListener, MockRestServiceServerResetTestExecutionListener, MockMvcPrintOnlyOnFailureTestExecutionListener, WebDriverTestExecutionListener, MockWebServiceServerTestExecutionListener]
2023-03-12 14:33:52 DEBUG - Before test class: class [AuthenticationServiceImplTest], class annotated with @DirtiesContext [false] with mode [null]
2023-03-12 14:33:52 DEBUG - Loading WebApplicationContext for test class pl.camp.it.book.store.services.impl.AuthenticationServiceImplTest
2023-03-12 14:33:53 DEBUG - Activating profiles []
2023-03-12 14:33:53 DEBUG - Registering annotated classes: [class pl.camp.it.book.store.configuration.TestConfiguration]
2023-03-12 14:33:53 DEBUG - Refreshing org.springframework.web.context.support.GenericWebApplicationContext@f74e835
2023-03-12 14:33:53 DEBUG - Creating shared instance of singleton bean 'org.springframework.context.annotation.internalConfigurationAnnotationProcessor'
2023-03-12 14:33:53 DEBUG - Identified candidate component class: file [E:\IT-CAMP7\2022.12.04-book-store\book-store\target\classes\pl\camp\it\book\store\controllers\AuthenticationController.class]
2023-03-12 14:33:53 DEBUG - Identified candidate component class: file [E:\IT-CAMP7\2022.12.04-book-store\book-store\target\classes\pl\camp\it\book\store\controllers\BookController.class]
2023-03-12 14:33:53 DEBUG - Identified candidate component class: file [E:\IT-CAMP7\2022.12.04-book-store\book-store\target\classes\pl\camp\it\book\store\controllers\CartController.class]
2023-03-12 14:33:53 DEBUG - Identified candidate component class: file [E:\IT-CAMP7\2022.12.04-book-store\book-store\target\classes\pl\camp\it\book\store\controllers\CommonController.class]
2023-03-12 14:33:53 DEBUG - Identified candidate component class: file [E:\IT-CAMP7\2022.12.04-book-store\book-store\target\classes\pl\camp\it\book\store\controllers\OrderController.class]
2023-03-12 14:33:53 DEBUG - Identified candidate component class: file [E:\IT-CAMP7\2022.12.04-book-store\book-store\target\classes\pl\camp\it\book\store\controllers\rest\RestApiBookController.class]
2023-03-12 14:33:53 DEBUG - Identified candidate component class: file [E:\IT-CAMP7\2022.12.04-book-store\book-store\target\classes\pl\camp\it\book\store\controllers\rest\RestApiOrderController.class]
2023-03-12 14:33:53 DEBUG - Identified candidate component class: file [E:\IT-CAMP7\2022.12.04-book-store\book-store\target\classes\pl\camp\it\book\store\controllers\rest\RestApiOrderPositionController.class]
2023-03-12 14:33:53 DEBUG - Identified candidate component class: file [E:\IT-CAMP7\2022.12.04-book-store\book-store\target\classes\pl\camp\it\book\store\controllers\rest\RestApiUserController.class]
2023-03-12 14:33:53 DEBUG - Identified candidate component class: file [E:\IT-CAMP7\2022.12.04-book-store\book-store\target\classes\pl\camp\it\book\store\services\impl\AuthenticationServiceImpl.class]
2023-03-12 14:33:53 DEBUG - Identified candidate component class: file [E:\IT-CAMP7\2022.12.04-book-store\book-store\target\classes\pl\camp\it\book\store\services\impl\BookServiceImpl.class]
2023-03-12 14:33:53 DEBUG - Identified candidate component class: file [E:\IT-CAMP7\2022.12.04-book-store\book-store\target\classes\pl\camp\it\book\store\services\impl\CartServiceImpl.class]
2023-03-12 14:33:53 DEBUG - Identified candidate component class: file [E:\IT-CAMP7\2022.12.04-book-store\book-store\target\classes\pl\camp\it\book\store\services\impl\OrderPositionServiceImpl.class]
2023-03-12 14:33:53 DEBUG - Identified candidate component class: file [E:\IT-CAMP7\2022.12.04-book-store\book-store\target\classes\pl\camp\it\book\store\services\impl\OrderServiceImpl.class]
2023-03-12 14:33:53 DEBUG - Identified candidate component class: file [E:\IT-CAMP7\2022.12.04-book-store\book-store\target\classes\pl\camp\it\book\store\services\impl\UserServiceImpl.class]
2023-03-12 14:33:53 DEBUG - Identified candidate component class: file [E:\IT-CAMP7\2022.12.04-book-store\book-store\target\classes\pl\camp\it\book\store\session\SessionObject.class]
2023-03-12 14:33:53 DEBUG - Creating shared instance of singleton bean 'org.springframework.boot.test.mock.mockito.MockitoPostProcessor'
2023-03-12 14:33:53 DEBUG - Creating shared instance of singleton bean 'org.springframework.context.event.internalEventListenerProcessor'
2023-03-12 14:33:53 DEBUG - Creating shared instance of singleton bean 'org.springframework.context.event.internalEventListenerFactory'
2023-03-12 14:33:53 DEBUG - Creating shared instance of singleton bean 'org.springframework.context.annotation.internalAutowiredAnnotationProcessor'
2023-03-12 14:33:53 DEBUG - Creating shared instance of singleton bean 'org.springframework.context.annotation.internalCommonAnnotationProcessor'
2023-03-12 14:33:53 DEBUG - Creating shared instance of singleton bean 'org.springframework.boot.test.mock.mockito.MockitoPostProcessor$SpyPostProcessor'
2023-03-12 14:33:53 DEBUG - Creating shared instance of singleton bean 'org.springframework.context.annotation.internalScheduledAnnotationProcessor'
2023-03-12 14:33:53 DEBUG - Creating shared instance of singleton bean 'org.springframework.scheduling.annotation.SchedulingConfiguration'
2023-03-12 14:33:53 DEBUG - Unable to locate ThemeSource with name 'themeSource': using default [org.springframework.ui.context.support.ResourceBundleThemeSource@13cd7ea5]
2023-03-12 14:33:53 DEBUG - Creating shared instance of singleton bean 'testConfiguration'
2023-03-12 14:33:53 DEBUG - Creating shared instance of singleton bean 'authenticationController'
2023-03-12 14:33:53 DEBUG - Creating shared instance of singleton bean 'sessionObject'
2023-03-12 14:33:53 DEBUG - Creating shared instance of singleton bean 'authenticationServiceImpl'
2023-03-12 14:33:53 DEBUG - Creating shared instance of singleton bean 'userDAO'
2023-03-12 14:33:53 DEBUG - Creating shared instance of singleton bean 'bookController'
2023-03-12 14:33:53 DEBUG - Creating shared instance of singleton bean 'bookServiceImpl'
2023-03-12 14:33:53 DEBUG - Creating shared instance of singleton bean 'bookDAO'
2023-03-12 14:33:53 DEBUG - Creating shared instance of singleton bean 'cartController'
2023-03-12 14:33:53 DEBUG - Creating shared instance of singleton bean 'cartServiceImpl'
2023-03-12 14:33:53 DEBUG - Creating shared instance of singleton bean 'commonController'
2023-03-12 14:33:53 DEBUG - Creating shared instance of singleton bean 'orderController'
2023-03-12 14:33:53 DEBUG - Creating shared instance of singleton bean 'orderServiceImpl'
2023-03-12 14:33:53 DEBUG - Creating shared instance of singleton bean 'orderDAO'
2023-03-12 14:33:53 DEBUG - Creating shared instance of singleton bean 'restApiBookController'
2023-03-12 14:33:53 DEBUG - Creating shared instance of singleton bean 'restApiOrderController'
2023-03-12 14:33:53 DEBUG - Creating shared instance of singleton bean 'restApiOrderPositionController'
2023-03-12 14:33:53 DEBUG - Creating shared instance of singleton bean 'orderPositionServiceImpl'
2023-03-12 14:33:53 DEBUG - Creating shared instance of singleton bean 'orderPositionDAO'
2023-03-12 14:33:53 DEBUG - Creating shared instance of singleton bean 'restApiUserController'
2023-03-12 14:33:53 DEBUG - Creating shared instance of singleton bean 'userServiceImpl'
2023-03-12 14:33:53 WARN  - Exception encountered during context initialization - cancelling refresh attempt: org.springframework.beans.factory.UnsatisfiedDependencyException: Error creating bean with name 'restApiUserController': Unsatisfied dependency expressed through field 'userService': Error creating bean with name 'userServiceImpl': Unsatisfied dependency expressed through field 'sessionFactory': No qualifying bean of type 'org.hibernate.SessionFactory' available: expected at least 1 bean which qualifies as autowire candidate. Dependency annotations: {@org.springframework.beans.factory.annotation.Autowired(required=true)}
2023-03-12 14:33:53 ERROR - Caught exception while allowing TestExecutionListener [org.springframework.test.context.web.ServletTestExecutionListener] to prepare test instance [pl.camp.it.book.store.services.impl.AuthenticationServiceImplTest@7ac9af2a]
java.lang.IllegalStateException: Failed to load ApplicationContext for [WebMergedContextConfiguration@17814b1c testClass = pl.camp.it.book.store.services.impl.AuthenticationServiceImplTest, locations = [], classes = [pl.camp.it.book.store.configuration.TestConfiguration], contextInitializerClasses = [], activeProfiles = [], propertySourceLocations = [], propertySourceProperties = [], contextCustomizers = [org.springframework.boot.test.context.filter.ExcludeFilterContextCustomizer@6035b93b, org.springframework.boot.test.json.DuplicateJsonObjectContextCustomizerFactory$DuplicateJsonObjectContextCustomizer@1a7288a3, org.springframework.boot.test.mock.mockito.MockitoContextCustomizer@0, org.springframework.boot.test.autoconfigure.actuate.observability.ObservabilityContextCustomizerFactory$DisableObservabilityContextCustomizer@9da1, org.springframework.boot.test.autoconfigure.properties.PropertyMappingContextCustomizer@0, org.springframework.boot.test.autoconfigure.web.servlet.WebDriverContextCustomizerFactory$Customizer@15cafec7, org.springframework.test.context.web.socket.MockServerContainerContextCustomizer@42f48531], resourceBasePath = "src/main/webapp", contextLoader = org.springframework.test.context.web.WebDelegatingSmartContextLoader, parent = null]
	at org.springframework.test.context.cache.DefaultCacheAwareContextLoaderDelegate.loadContext(DefaultCacheAwareContextLoaderDelegate.java:142) ~[spring-test-6.0.6.jar:6.0.6]
	at org.springframework.test.context.support.DefaultTestContext.getApplicationContext(DefaultTestContext.java:127) ~[spring-test-6.0.6.jar:6.0.6]
	at org.springframework.test.context.web.ServletTestExecutionListener.setUpRequestContextIfNecessary(ServletTestExecutionListener.java:191) ~[spring-test-6.0.6.jar:6.0.6]
	at org.springframework.test.context.web.ServletTestExecutionListener.prepareTestInstance(ServletTestExecutionListener.java:130) ~[spring-test-6.0.6.jar:6.0.6]
	at org.springframework.test.context.TestContextManager.prepareTestInstance(TestContextManager.java:241) ~[spring-test-6.0.6.jar:6.0.6]
	at org.springframework.test.context.junit.jupiter.SpringExtension.postProcessTestInstance(SpringExtension.java:138) ~[spring-test-6.0.6.jar:6.0.6]
	at org.junit.jupiter.engine.descriptor.ClassBasedTestDescriptor.lambda$invokeTestInstancePostProcessors$10(ClassBasedTestDescriptor.java:377) ~[junit-jupiter-engine-5.9.1.jar:5.9.1]
	at org.junit.jupiter.engine.descriptor.ClassBasedTestDescriptor.executeAndMaskThrowable(ClassBasedTestDescriptor.java:382) ~[junit-jupiter-engine-5.9.1.jar:5.9.1]
	at org.junit.jupiter.engine.descriptor.ClassBasedTestDescriptor.lambda$invokeTestInstancePostProcessors$11(ClassBasedTestDescriptor.java:377) ~[junit-jupiter-engine-5.9.1.jar:5.9.1]
	at java.util.stream.ReferencePipeline$3$1.accept(ReferencePipeline.java:197) ~[?:?]
	at java.util.stream.ReferencePipeline$2$1.accept(ReferencePipeline.java:179) ~[?:?]
	at java.util.ArrayList$ArrayListSpliterator.forEachRemaining(ArrayList.java:1625) ~[?:?]
	at java.util.stream.AbstractPipeline.copyInto(AbstractPipeline.java:509) ~[?:?]
	at java.util.stream.AbstractPipeline.wrapAndCopyInto(AbstractPipeline.java:499) ~[?:?]
	at java.util.stream.StreamSpliterators$WrappingSpliterator.forEachRemaining(StreamSpliterators.java:310) ~[?:?]
	at java.util.stream.Streams$ConcatSpliterator.forEachRemaining(Streams.java:735) ~[?:?]
	at java.util.stream.Streams$ConcatSpliterator.forEachRemaining(Streams.java:734) ~[?:?]
	at java.util.stream.ReferencePipeline$Head.forEach(ReferencePipeline.java:762) ~[?:?]
	at org.junit.jupiter.engine.descriptor.ClassBasedTestDescriptor.invokeTestInstancePostProcessors(ClassBasedTestDescriptor.java:376) ~[junit-jupiter-engine-5.9.1.jar:5.9.1]
	at org.junit.jupiter.engine.descriptor.ClassBasedTestDescriptor.lambda$instantiateAndPostProcessTestInstance$6(ClassBasedTestDescriptor.java:289) ~[junit-jupiter-engine-5.9.1.jar:5.9.1]
	at org.junit.platform.engine.support.hierarchical.ThrowableCollector.execute(ThrowableCollector.java:73) ~[junit-platform-engine-1.9.1.jar:1.9.1]
	at org.junit.jupiter.engine.descriptor.ClassBasedTestDescriptor.instantiateAndPostProcessTestInstance(ClassBasedTestDescriptor.java:288) ~[junit-jupiter-engine-5.9.1.jar:5.9.1]
	at org.junit.jupiter.engine.descriptor.ClassBasedTestDescriptor.lambda$testInstancesProvider$4(ClassBasedTestDescriptor.java:278) ~[junit-jupiter-engine-5.9.1.jar:5.9.1]
	at java.util.Optional.orElseGet(Optional.java:364) ~[?:?]
	at org.junit.jupiter.engine.descriptor.ClassBasedTestDescriptor.lambda$testInstancesProvider$5(ClassBasedTestDescriptor.java:277) ~[junit-jupiter-engine-5.9.1.jar:5.9.1]
	at org.junit.jupiter.engine.execution.TestInstancesProvider.getTestInstances(TestInstancesProvider.java:31) ~[junit-jupiter-engine-5.9.1.jar:5.9.1]
	at org.junit.jupiter.engine.descriptor.TestMethodTestDescriptor.lambda$prepare$0(TestMethodTestDescriptor.java:105) ~[junit-jupiter-engine-5.9.1.jar:5.9.1]
	at org.junit.platform.engine.support.hierarchical.ThrowableCollector.execute(ThrowableCollector.java:73) ~[junit-platform-engine-1.9.1.jar:1.9.1]
	at org.junit.jupiter.engine.descriptor.TestMethodTestDescriptor.prepare(TestMethodTestDescriptor.java:104) ~[junit-jupiter-engine-5.9.1.jar:5.9.1]
	at org.junit.jupiter.engine.descriptor.TestMethodTestDescriptor.prepare(TestMethodTestDescriptor.java:68) ~[junit-jupiter-engine-5.9.1.jar:5.9.1]
	at org.junit.platform.engine.support.hierarchical.NodeTestTask.lambda$prepare$2(NodeTestTask.java:123) ~[junit-platform-engine-1.9.1.jar:1.9.1]
	at org.junit.platform.engine.support.hierarchical.ThrowableCollector.execute(ThrowableCollector.java:73) ~[junit-platform-engine-1.9.1.jar:1.9.1]
	at org.junit.platform.engine.support.hierarchical.NodeTestTask.prepare(NodeTestTask.java:123) ~[junit-platform-engine-1.9.1.jar:1.9.1]
	at org.junit.platform.engine.support.hierarchical.NodeTestTask.execute(NodeTestTask.java:90) ~[junit-platform-engine-1.9.1.jar:1.9.1]
	at java.util.ArrayList.forEach(ArrayList.java:1511) ~[?:?]
	at org.junit.platform.engine.support.hierarchical.SameThreadHierarchicalTestExecutorService.invokeAll(SameThreadHierarchicalTestExecutorService.java:41) ~[junit-platform-engine-1.9.1.jar:1.9.1]
	at org.junit.platform.engine.support.hierarchical.NodeTestTask.lambda$executeRecursively$6(NodeTestTask.java:155) ~[junit-platform-engine-1.9.1.jar:1.9.1]
	at org.junit.platform.engine.support.hierarchical.ThrowableCollector.execute(ThrowableCollector.java:73) ~[junit-platform-engine-1.9.1.jar:1.9.1]
	at org.junit.platform.engine.support.hierarchical.NodeTestTask.lambda$executeRecursively$8(NodeTestTask.java:141) ~[junit-platform-engine-1.9.1.jar:1.9.1]
	at org.junit.platform.engine.support.hierarchical.Node.around(Node.java:137) ~[junit-platform-engine-1.9.1.jar:1.9.1]
	at org.junit.platform.engine.support.hierarchical.NodeTestTask.lambda$executeRecursively$9(NodeTestTask.java:139) ~[junit-platform-engine-1.9.1.jar:1.9.1]
	at org.junit.platform.engine.support.hierarchical.ThrowableCollector.execute(ThrowableCollector.java:73) ~[junit-platform-engine-1.9.1.jar:1.9.1]
	at org.junit.platform.engine.support.hierarchical.NodeTestTask.executeRecursively(NodeTestTask.java:138) ~[junit-platform-engine-1.9.1.jar:1.9.1]
	at org.junit.platform.engine.support.hierarchical.NodeTestTask.execute(NodeTestTask.java:95) ~[junit-platform-engine-1.9.1.jar:1.9.1]
	at java.util.ArrayList.forEach(ArrayList.java:1511) ~[?:?]
	at org.junit.platform.engine.support.hierarchical.SameThreadHierarchicalTestExecutorService.invokeAll(SameThreadHierarchicalTestExecutorService.java:41) ~[junit-platform-engine-1.9.1.jar:1.9.1]
	at org.junit.platform.engine.support.hierarchical.NodeTestTask.lambda$executeRecursively$6(NodeTestTask.java:155) ~[junit-platform-engine-1.9.1.jar:1.9.1]
	at org.junit.platform.engine.support.hierarchical.ThrowableCollector.execute(ThrowableCollector.java:73) ~[junit-platform-engine-1.9.1.jar:1.9.1]
	at org.junit.platform.engine.support.hierarchical.NodeTestTask.lambda$executeRecursively$8(NodeTestTask.java:141) ~[junit-platform-engine-1.9.1.jar:1.9.1]
	at org.junit.platform.engine.support.hierarchical.Node.around(Node.java:137) ~[junit-platform-engine-1.9.1.jar:1.9.1]
	at org.junit.platform.engine.support.hierarchical.NodeTestTask.lambda$executeRecursively$9(NodeTestTask.java:139) ~[junit-platform-engine-1.9.1.jar:1.9.1]
	at org.junit.platform.engine.support.hierarchical.ThrowableCollector.execute(ThrowableCollector.java:73) ~[junit-platform-engine-1.9.1.jar:1.9.1]
	at org.junit.platform.engine.support.hierarchical.NodeTestTask.executeRecursively(NodeTestTask.java:138) ~[junit-platform-engine-1.9.1.jar:1.9.1]
	at org.junit.platform.engine.support.hierarchical.NodeTestTask.execute(NodeTestTask.java:95) ~[junit-platform-engine-1.9.1.jar:1.9.1]
	at org.junit.platform.engine.support.hierarchical.SameThreadHierarchicalTestExecutorService.submit(SameThreadHierarchicalTestExecutorService.java:35) ~[junit-platform-engine-1.9.1.jar:1.9.1]
	at org.junit.platform.engine.support.hierarchical.HierarchicalTestExecutor.execute(HierarchicalTestExecutor.java:57) ~[junit-platform-engine-1.9.1.jar:1.9.1]
	at org.junit.platform.engine.support.hierarchical.HierarchicalTestEngine.execute(HierarchicalTestEngine.java:54) ~[junit-platform-engine-1.9.1.jar:1.9.1]
	at org.junit.platform.launcher.core.EngineExecutionOrchestrator.execute(EngineExecutionOrchestrator.java:147) ~[junit-platform-launcher-1.9.1.jar:1.9.1]
	at org.junit.platform.launcher.core.EngineExecutionOrchestrator.execute(EngineExecutionOrchestrator.java:127) ~[junit-platform-launcher-1.9.1.jar:1.9.1]
	at org.junit.platform.launcher.core.EngineExecutionOrchestrator.execute(EngineExecutionOrchestrator.java:90) ~[junit-platform-launcher-1.9.1.jar:1.9.1]
	at org.junit.platform.launcher.core.EngineExecutionOrchestrator.lambda$execute$0(EngineExecutionOrchestrator.java:55) ~[junit-platform-launcher-1.9.1.jar:1.9.1]
	at org.junit.platform.launcher.core.EngineExecutionOrchestrator.withInterceptedStreams(EngineExecutionOrchestrator.java:102) ~[junit-platform-launcher-1.9.1.jar:1.9.1]
	at org.junit.platform.launcher.core.EngineExecutionOrchestrator.execute(EngineExecutionOrchestrator.java:54) ~[junit-platform-launcher-1.9.1.jar:1.9.1]
	at org.junit.platform.launcher.core.DefaultLauncher.execute(DefaultLauncher.java:114) ~[junit-platform-launcher-1.9.1.jar:1.9.1]
	at org.junit.platform.launcher.core.DefaultLauncher.execute(DefaultLauncher.java:86) ~[junit-platform-launcher-1.9.1.jar:1.9.1]
	at org.junit.platform.launcher.core.DefaultLauncherSession$DelegatingLauncher.execute(DefaultLauncherSession.java:86) ~[junit-platform-launcher-1.9.1.jar:1.9.1]
	at org.junit.platform.launcher.core.SessionPerRequestLauncher.execute(SessionPerRequestLauncher.java:53) ~[junit-platform-launcher-1.9.1.jar:1.9.1]
	at com.intellij.junit5.JUnit5IdeaTestRunner.startRunnerWithArgs(JUnit5IdeaTestRunner.java:71) ~[junit5-rt.jar:?]
	at com.intellij.rt.junit.IdeaTestRunner$Repeater$1.execute(IdeaTestRunner.java:38) ~[junit-rt.jar:?]
	at com.intellij.rt.execution.junit.TestsRepeater.repeat(TestsRepeater.java:11) ~[idea_rt.jar:?]
	at com.intellij.rt.junit.IdeaTestRunner$Repeater.startRunnerWithArgs(IdeaTestRunner.java:35) ~[junit-rt.jar:?]
	at com.intellij.rt.junit.JUnitStarter.prepareStreamsAndStart(JUnitStarter.java:235) ~[junit-rt.jar:?]
	at com.intellij.rt.junit.JUnitStarter.main(JUnitStarter.java:54) ~[junit-rt.jar:?]
Caused by: org.springframework.beans.factory.UnsatisfiedDependencyException: Error creating bean with name 'restApiUserController': Unsatisfied dependency expressed through field 'userService': Error creating bean with name 'userServiceImpl': Unsatisfied dependency expressed through field 'sessionFactory': No qualifying bean of type 'org.hibernate.SessionFactory' available: expected at least 1 bean which qualifies as autowire candidate. Dependency annotations: {@org.springframework.beans.factory.annotation.Autowired(required=true)}
	at org.springframework.beans.factory.annotation.AutowiredAnnotationBeanPostProcessor$AutowiredFieldElement.resolveFieldValue(AutowiredAnnotationBeanPostProcessor.java:712) ~[spring-beans-6.0.2.jar:6.0.2]
	at org.springframework.beans.factory.annotation.AutowiredAnnotationBeanPostProcessor$AutowiredFieldElement.inject(AutowiredAnnotationBeanPostProcessor.java:692) ~[spring-beans-6.0.2.jar:6.0.2]
	at org.springframework.beans.factory.annotation.InjectionMetadata.inject(InjectionMetadata.java:127) ~[spring-beans-6.0.2.jar:6.0.2]
	at org.springframework.beans.factory.annotation.AutowiredAnnotationBeanPostProcessor.postProcessProperties(AutowiredAnnotationBeanPostProcessor.java:481) ~[spring-beans-6.0.2.jar:6.0.2]
	at org.springframework.beans.factory.support.AbstractAutowireCapableBeanFactory.populateBean(AbstractAutowireCapableBeanFactory.java:1397) ~[spring-beans-6.0.2.jar:6.0.2]
	at org.springframework.beans.factory.support.AbstractAutowireCapableBeanFactory.doCreateBean(AbstractAutowireCapableBeanFactory.java:598) ~[spring-beans-6.0.2.jar:6.0.2]
	at org.springframework.beans.factory.support.AbstractAutowireCapableBeanFactory.createBean(AbstractAutowireCapableBeanFactory.java:521) ~[spring-beans-6.0.2.jar:6.0.2]
	at org.springframework.beans.factory.support.AbstractBeanFactory.lambda$doGetBean$0(AbstractBeanFactory.java:326) ~[spring-beans-6.0.2.jar:6.0.2]
	at org.springframework.beans.factory.support.DefaultSingletonBeanRegistry.getSingleton(DefaultSingletonBeanRegistry.java:234) ~[spring-beans-6.0.2.jar:6.0.2]
	at org.springframework.beans.factory.support.AbstractBeanFactory.doGetBean(AbstractBeanFactory.java:324) ~[spring-beans-6.0.2.jar:6.0.2]
	at org.springframework.beans.factory.support.AbstractBeanFactory.getBean(AbstractBeanFactory.java:200) ~[spring-beans-6.0.2.jar:6.0.2]
	at org.springframework.beans.factory.support.DefaultListableBeanFactory.preInstantiateSingletons(DefaultListableBeanFactory.java:961) ~[spring-beans-6.0.2.jar:6.0.2]
	at org.springframework.context.support.AbstractApplicationContext.finishBeanFactoryInitialization(AbstractApplicationContext.java:915) ~[spring-context-6.0.2.jar:6.0.2]
	at org.springframework.context.support.AbstractApplicationContext.refresh(AbstractApplicationContext.java:584) ~[spring-context-6.0.2.jar:6.0.2]
	at org.springframework.test.context.web.AbstractGenericWebContextLoader.loadContext(AbstractGenericWebContextLoader.java:228) ~[spring-test-6.0.6.jar:6.0.6]
	at org.springframework.test.context.web.AbstractGenericWebContextLoader.loadContext(AbstractGenericWebContextLoader.java:105) ~[spring-test-6.0.6.jar:6.0.6]
	at org.springframework.test.context.support.AbstractDelegatingSmartContextLoader.loadContext(AbstractDelegatingSmartContextLoader.java:212) ~[spring-test-6.0.6.jar:6.0.6]
	at org.springframework.test.context.cache.DefaultCacheAwareContextLoaderDelegate.loadContextInternal(DefaultCacheAwareContextLoaderDelegate.java:184) ~[spring-test-6.0.6.jar:6.0.6]
	at org.springframework.test.context.cache.DefaultCacheAwareContextLoaderDelegate.loadContext(DefaultCacheAwareContextLoaderDelegate.java:118) ~[spring-test-6.0.6.jar:6.0.6]
	... 72 more
Caused by: org.springframework.beans.factory.UnsatisfiedDependencyException: Error creating bean with name 'userServiceImpl': Unsatisfied dependency expressed through field 'sessionFactory': No qualifying bean of type 'org.hibernate.SessionFactory' available: expected at least 1 bean which qualifies as autowire candidate. Dependency annotations: {@org.springframework.beans.factory.annotation.Autowired(required=true)}
	at org.springframework.beans.factory.annotation.AutowiredAnnotationBeanPostProcessor$AutowiredFieldElement.resolveFieldValue(AutowiredAnnotationBeanPostProcessor.java:712) ~[spring-beans-6.0.2.jar:6.0.2]
	at org.springframework.beans.factory.annotation.AutowiredAnnotationBeanPostProcessor$AutowiredFieldElement.inject(AutowiredAnnotationBeanPostProcessor.java:692) ~[spring-beans-6.0.2.jar:6.0.2]
	at org.springframework.beans.factory.annotation.InjectionMetadata.inject(InjectionMetadata.java:127) ~[spring-beans-6.0.2.jar:6.0.2]
	at org.springframework.beans.factory.annotation.AutowiredAnnotationBeanPostProcessor.postProcessProperties(AutowiredAnnotationBeanPostProcessor.java:481) ~[spring-beans-6.0.2.jar:6.0.2]
	at org.springframework.beans.factory.support.AbstractAutowireCapableBeanFactory.populateBean(AbstractAutowireCapableBeanFactory.java:1397) ~[spring-beans-6.0.2.jar:6.0.2]
	at org.springframework.beans.factory.support.AbstractAutowireCapableBeanFactory.doCreateBean(AbstractAutowireCapableBeanFactory.java:598) ~[spring-beans-6.0.2.jar:6.0.2]
	at org.springframework.beans.factory.support.AbstractAutowireCapableBeanFactory.createBean(AbstractAutowireCapableBeanFactory.java:521) ~[spring-beans-6.0.2.jar:6.0.2]
	at org.springframework.beans.factory.support.AbstractBeanFactory.lambda$doGetBean$0(AbstractBeanFactory.java:326) ~[spring-beans-6.0.2.jar:6.0.2]
	at org.springframework.beans.factory.support.DefaultSingletonBeanRegistry.getSingleton(DefaultSingletonBeanRegistry.java:234) ~[spring-beans-6.0.2.jar:6.0.2]
	at org.springframework.beans.factory.support.AbstractBeanFactory.doGetBean(AbstractBeanFactory.java:324) ~[spring-beans-6.0.2.jar:6.0.2]
	at org.springframework.beans.factory.support.AbstractBeanFactory.getBean(AbstractBeanFactory.java:200) ~[spring-beans-6.0.2.jar:6.0.2]
	at org.springframework.beans.factory.config.DependencyDescriptor.resolveCandidate(DependencyDescriptor.java:254) ~[spring-beans-6.0.2.jar:6.0.2]
	at org.springframework.beans.factory.support.DefaultListableBeanFactory.doResolveDependency(DefaultListableBeanFactory.java:1405) ~[spring-beans-6.0.2.jar:6.0.2]
	at org.springframework.beans.factory.support.DefaultListableBeanFactory.resolveDependency(DefaultListableBeanFactory.java:1325) ~[spring-beans-6.0.2.jar:6.0.2]
	at org.springframework.beans.factory.annotation.AutowiredAnnotationBeanPostProcessor$AutowiredFieldElement.resolveFieldValue(AutowiredAnnotationBeanPostProcessor.java:709) ~[spring-beans-6.0.2.jar:6.0.2]
	at org.springframework.beans.factory.annotation.AutowiredAnnotationBeanPostProcessor$AutowiredFieldElement.inject(AutowiredAnnotationBeanPostProcessor.java:692) ~[spring-beans-6.0.2.jar:6.0.2]
	at org.springframework.beans.factory.annotation.InjectionMetadata.inject(InjectionMetadata.java:127) ~[spring-beans-6.0.2.jar:6.0.2]
	at org.springframework.beans.factory.annotation.AutowiredAnnotationBeanPostProcessor.postProcessProperties(AutowiredAnnotationBeanPostProcessor.java:481) ~[spring-beans-6.0.2.jar:6.0.2]
	at org.springframework.beans.factory.support.AbstractAutowireCapableBeanFactory.populateBean(AbstractAutowireCapableBeanFactory.java:1397) ~[spring-beans-6.0.2.jar:6.0.2]
	at org.springframework.beans.factory.support.AbstractAutowireCapableBeanFactory.doCreateBean(AbstractAutowireCapableBeanFactory.java:598) ~[spring-beans-6.0.2.jar:6.0.2]
	at org.springframework.beans.factory.support.AbstractAutowireCapableBeanFactory.createBean(AbstractAutowireCapableBeanFactory.java:521) ~[spring-beans-6.0.2.jar:6.0.2]
	at org.springframework.beans.factory.support.AbstractBeanFactory.lambda$doGetBean$0(AbstractBeanFactory.java:326) ~[spring-beans-6.0.2.jar:6.0.2]
	at org.springframework.beans.factory.support.DefaultSingletonBeanRegistry.getSingleton(DefaultSingletonBeanRegistry.java:234) ~[spring-beans-6.0.2.jar:6.0.2]
	at org.springframework.beans.factory.support.AbstractBeanFactory.doGetBean(AbstractBeanFactory.java:324) ~[spring-beans-6.0.2.jar:6.0.2]
	at org.springframework.beans.factory.support.AbstractBeanFactory.getBean(AbstractBeanFactory.java:200) ~[spring-beans-6.0.2.jar:6.0.2]
	at org.springframework.beans.factory.support.DefaultListableBeanFactory.preInstantiateSingletons(DefaultListableBeanFactory.java:961) ~[spring-beans-6.0.2.jar:6.0.2]
	at org.springframework.context.support.AbstractApplicationContext.finishBeanFactoryInitialization(AbstractApplicationContext.java:915) ~[spring-context-6.0.2.jar:6.0.2]
	at org.springframework.context.support.AbstractApplicationContext.refresh(AbstractApplicationContext.java:584) ~[spring-context-6.0.2.jar:6.0.2]
	at org.springframework.test.context.web.AbstractGenericWebContextLoader.loadContext(AbstractGenericWebContextLoader.java:228) ~[spring-test-6.0.6.jar:6.0.6]
	at org.springframework.test.context.web.AbstractGenericWebContextLoader.loadContext(AbstractGenericWebContextLoader.java:105) ~[spring-test-6.0.6.jar:6.0.6]
	at org.springframework.test.context.support.AbstractDelegatingSmartContextLoader.loadContext(AbstractDelegatingSmartContextLoader.java:212) ~[spring-test-6.0.6.jar:6.0.6]
	at org.springframework.test.context.cache.DefaultCacheAwareContextLoaderDelegate.loadContextInternal(DefaultCacheAwareContextLoaderDelegate.java:184) ~[spring-test-6.0.6.jar:6.0.6]
	at org.springframework.test.context.cache.DefaultCacheAwareContextLoaderDelegate.loadContext(DefaultCacheAwareContextLoaderDelegate.java:118) ~[spring-test-6.0.6.jar:6.0.6]
	... 72 more
Caused by: org.springframework.beans.factory.NoSuchBeanDefinitionException: No qualifying bean of type 'org.hibernate.SessionFactory' available: expected at least 1 bean which qualifies as autowire candidate. Dependency annotations: {@org.springframework.beans.factory.annotation.Autowired(required=true)}
	at org.springframework.beans.factory.support.DefaultListableBeanFactory.raiseNoMatchingBeanFound(DefaultListableBeanFactory.java:1812) ~[spring-beans-6.0.2.jar:6.0.2]
	at org.springframework.beans.factory.support.DefaultListableBeanFactory.doResolveDependency(DefaultListableBeanFactory.java:1371) ~[spring-beans-6.0.2.jar:6.0.2]
	at org.springframework.beans.factory.support.DefaultListableBeanFactory.resolveDependency(DefaultListableBeanFactory.java:1325) ~[spring-beans-6.0.2.jar:6.0.2]
	at org.springframework.beans.factory.annotation.AutowiredAnnotationBeanPostProcessor$AutowiredFieldElement.resolveFieldValue(AutowiredAnnotationBeanPostProcessor.java:709) ~[spring-beans-6.0.2.jar:6.0.2]
	at org.springframework.beans.factory.annotation.AutowiredAnnotationBeanPostProcessor$AutowiredFieldElement.inject(AutowiredAnnotationBeanPostProcessor.java:692) ~[spring-beans-6.0.2.jar:6.0.2]
	at org.springframework.beans.factory.annotation.InjectionMetadata.inject(InjectionMetadata.java:127) ~[spring-beans-6.0.2.jar:6.0.2]
	at org.springframework.beans.factory.annotation.AutowiredAnnotationBeanPostProcessor.postProcessProperties(AutowiredAnnotationBeanPostProcessor.java:481) ~[spring-beans-6.0.2.jar:6.0.2]
	at org.springframework.beans.factory.support.AbstractAutowireCapableBeanFactory.populateBean(AbstractAutowireCapableBeanFactory.java:1397) ~[spring-beans-6.0.2.jar:6.0.2]
	at org.springframework.beans.factory.support.AbstractAutowireCapableBeanFactory.doCreateBean(AbstractAutowireCapableBeanFactory.java:598) ~[spring-beans-6.0.2.jar:6.0.2]
	at org.springframework.beans.factory.support.AbstractAutowireCapableBeanFactory.createBean(AbstractAutowireCapableBeanFactory.java:521) ~[spring-beans-6.0.2.jar:6.0.2]
	at org.springframework.beans.factory.support.AbstractBeanFactory.lambda$doGetBean$0(AbstractBeanFactory.java:326) ~[spring-beans-6.0.2.jar:6.0.2]
	at org.springframework.beans.factory.support.DefaultSingletonBeanRegistry.getSingleton(DefaultSingletonBeanRegistry.java:234) ~[spring-beans-6.0.2.jar:6.0.2]
	at org.springframework.beans.factory.support.AbstractBeanFactory.doGetBean(AbstractBeanFactory.java:324) ~[spring-beans-6.0.2.jar:6.0.2]
	at org.springframework.beans.factory.support.AbstractBeanFactory.getBean(AbstractBeanFactory.java:200) ~[spring-beans-6.0.2.jar:6.0.2]
	at org.springframework.beans.factory.config.DependencyDescriptor.resolveCandidate(DependencyDescriptor.java:254) ~[spring-beans-6.0.2.jar:6.0.2]
	at org.springframework.beans.factory.support.DefaultListableBeanFactory.doResolveDependency(DefaultListableBeanFactory.java:1405) ~[spring-beans-6.0.2.jar:6.0.2]
	at org.springframework.beans.factory.support.DefaultListableBeanFactory.resolveDependency(DefaultListableBeanFactory.java:1325) ~[spring-beans-6.0.2.jar:6.0.2]
	at org.springframework.beans.factory.annotation.AutowiredAnnotationBeanPostProcessor$AutowiredFieldElement.resolveFieldValue(AutowiredAnnotationBeanPostProcessor.java:709) ~[spring-beans-6.0.2.jar:6.0.2]
	at org.springframework.beans.factory.annotation.AutowiredAnnotationBeanPostProcessor$AutowiredFieldElement.inject(AutowiredAnnotationBeanPostProcessor.java:692) ~[spring-beans-6.0.2.jar:6.0.2]
	at org.springframework.beans.factory.annotation.InjectionMetadata.inject(InjectionMetadata.java:127) ~[spring-beans-6.0.2.jar:6.0.2]
	at org.springframework.beans.factory.annotation.AutowiredAnnotationBeanPostProcessor.postProcessProperties(AutowiredAnnotationBeanPostProcessor.java:481) ~[spring-beans-6.0.2.jar:6.0.2]
	at org.springframework.beans.factory.support.AbstractAutowireCapableBeanFactory.populateBean(AbstractAutowireCapableBeanFactory.java:1397) ~[spring-beans-6.0.2.jar:6.0.2]
	at org.springframework.beans.factory.support.AbstractAutowireCapableBeanFactory.doCreateBean(AbstractAutowireCapableBeanFactory.java:598) ~[spring-beans-6.0.2.jar:6.0.2]
	at org.springframework.beans.factory.support.AbstractAutowireCapableBeanFactory.createBean(AbstractAutowireCapableBeanFactory.java:521) ~[spring-beans-6.0.2.jar:6.0.2]
	at org.springframework.beans.factory.support.AbstractBeanFactory.lambda$doGetBean$0(AbstractBeanFactory.java:326) ~[spring-beans-6.0.2.jar:6.0.2]
	at org.springframework.beans.factory.support.DefaultSingletonBeanRegistry.getSingleton(DefaultSingletonBeanRegistry.java:234) ~[spring-beans-6.0.2.jar:6.0.2]
	at org.springframework.beans.factory.support.AbstractBeanFactory.doGetBean(AbstractBeanFactory.java:324) ~[spring-beans-6.0.2.jar:6.0.2]
	at org.springframework.beans.factory.support.AbstractBeanFactory.getBean(AbstractBeanFactory.java:200) ~[spring-beans-6.0.2.jar:6.0.2]
	at org.springframework.beans.factory.support.DefaultListableBeanFactory.preInstantiateSingletons(DefaultListableBeanFactory.java:961) ~[spring-beans-6.0.2.jar:6.0.2]
	at org.springframework.context.support.AbstractApplicationContext.finishBeanFactoryInitialization(AbstractApplicationContext.java:915) ~[spring-context-6.0.2.jar:6.0.2]
	at org.springframework.context.support.AbstractApplicationContext.refresh(AbstractApplicationContext.java:584) ~[spring-context-6.0.2.jar:6.0.2]
	at org.springframework.test.context.web.AbstractGenericWebContextLoader.loadContext(AbstractGenericWebContextLoader.java:228) ~[spring-test-6.0.6.jar:6.0.6]
	at org.springframework.test.context.web.AbstractGenericWebContextLoader.loadContext(AbstractGenericWebContextLoader.java:105) ~[spring-test-6.0.6.jar:6.0.6]
	at org.springframework.test.context.support.AbstractDelegatingSmartContextLoader.loadContext(AbstractDelegatingSmartContextLoader.java:212) ~[spring-test-6.0.6.jar:6.0.6]
	at org.springframework.test.context.cache.DefaultCacheAwareContextLoaderDelegate.loadContextInternal(DefaultCacheAwareContextLoaderDelegate.java:184) ~[spring-test-6.0.6.jar:6.0.6]
	at org.springframework.test.context.cache.DefaultCacheAwareContextLoaderDelegate.loadContext(DefaultCacheAwareContextLoaderDelegate.java:118) ~[spring-test-6.0.6.jar:6.0.6]
	... 72 more
2023-03-12 14:33:53 DEBUG - After test class: class [AuthenticationServiceImplTest], class annotated with @DirtiesContext [false] with mode [null]
2023-03-12 14:41:42 DEBUG - Using ContextCustomizers for test class [AuthenticationServiceImplTest]: [ExcludeFilterContextCustomizer, DuplicateJsonObjectContextCustomizer, MockitoContextCustomizer, DisableObservabilityContextCustomizer, PropertyMappingContextCustomizer, Customizer, MockServerContainerContextCustomizer]
2023-03-12 14:41:42 DEBUG - Skipping candidate TestExecutionListener [org.springframework.test.context.transaction.TransactionalTestExecutionListener] due to a missing dependency. Specify custom TestExecutionListener classes or make the default TestExecutionListener classes and their required dependencies available. Offending class: [org/springframework/transaction/interceptor/TransactionAttributeSource]
2023-03-12 14:41:42 DEBUG - Skipping candidate TestExecutionListener [org.springframework.test.context.jdbc.SqlScriptsTestExecutionListener] due to a missing dependency. Specify custom TestExecutionListener classes or make the default TestExecutionListener classes and their required dependencies available. Offending class: [org/springframework/transaction/interceptor/TransactionAttribute]
2023-03-12 14:41:42 DEBUG - Using TestExecutionListeners for test class [AuthenticationServiceImplTest]: [ServletTestExecutionListener, DirtiesContextBeforeModesTestExecutionListener, ApplicationEventsTestExecutionListener, MockitoTestExecutionListener, DependencyInjectionTestExecutionListener, DirtiesContextTestExecutionListener, EventPublishingTestExecutionListener, ResetMocksTestExecutionListener, RestDocsTestExecutionListener, MockRestServiceServerResetTestExecutionListener, MockMvcPrintOnlyOnFailureTestExecutionListener, WebDriverTestExecutionListener, MockWebServiceServerTestExecutionListener]
2023-03-12 14:41:42 DEBUG - Before test class: class [AuthenticationServiceImplTest], class annotated with @DirtiesContext [false] with mode [null]
2023-03-12 14:41:42 DEBUG - Loading WebApplicationContext for test class pl.camp.it.book.store.services.impl.AuthenticationServiceImplTest
2023-03-12 14:41:42 DEBUG - Activating profiles []
2023-03-12 14:41:42 DEBUG - Registering annotated classes: [class pl.camp.it.book.store.configuration.TestConfiguration]
2023-03-12 14:41:42 DEBUG - Refreshing org.springframework.web.context.support.GenericWebApplicationContext@65aa6596
2023-03-12 14:41:43 DEBUG - Creating shared instance of singleton bean 'org.springframework.context.annotation.internalConfigurationAnnotationProcessor'
2023-03-12 14:41:43 DEBUG - Identified candidate component class: file [E:\IT-CAMP7\2022.12.04-book-store\book-store\target\classes\pl\camp\it\book\store\controllers\AuthenticationController.class]
2023-03-12 14:41:43 DEBUG - Identified candidate component class: file [E:\IT-CAMP7\2022.12.04-book-store\book-store\target\classes\pl\camp\it\book\store\controllers\BookController.class]
2023-03-12 14:41:43 DEBUG - Identified candidate component class: file [E:\IT-CAMP7\2022.12.04-book-store\book-store\target\classes\pl\camp\it\book\store\controllers\CartController.class]
2023-03-12 14:41:43 DEBUG - Identified candidate component class: file [E:\IT-CAMP7\2022.12.04-book-store\book-store\target\classes\pl\camp\it\book\store\controllers\CommonController.class]
2023-03-12 14:41:43 DEBUG - Identified candidate component class: file [E:\IT-CAMP7\2022.12.04-book-store\book-store\target\classes\pl\camp\it\book\store\controllers\OrderController.class]
2023-03-12 14:41:43 DEBUG - Identified candidate component class: file [E:\IT-CAMP7\2022.12.04-book-store\book-store\target\classes\pl\camp\it\book\store\controllers\rest\RestApiBookController.class]
2023-03-12 14:41:43 DEBUG - Identified candidate component class: file [E:\IT-CAMP7\2022.12.04-book-store\book-store\target\classes\pl\camp\it\book\store\controllers\rest\RestApiOrderController.class]
2023-03-12 14:41:43 DEBUG - Identified candidate component class: file [E:\IT-CAMP7\2022.12.04-book-store\book-store\target\classes\pl\camp\it\book\store\controllers\rest\RestApiOrderPositionController.class]
2023-03-12 14:41:43 DEBUG - Identified candidate component class: file [E:\IT-CAMP7\2022.12.04-book-store\book-store\target\classes\pl\camp\it\book\store\controllers\rest\RestApiUserController.class]
2023-03-12 14:41:43 DEBUG - Identified candidate component class: file [E:\IT-CAMP7\2022.12.04-book-store\book-store\target\classes\pl\camp\it\book\store\services\impl\AuthenticationServiceImpl.class]
2023-03-12 14:41:43 DEBUG - Identified candidate component class: file [E:\IT-CAMP7\2022.12.04-book-store\book-store\target\classes\pl\camp\it\book\store\services\impl\BookServiceImpl.class]
2023-03-12 14:41:43 DEBUG - Identified candidate component class: file [E:\IT-CAMP7\2022.12.04-book-store\book-store\target\classes\pl\camp\it\book\store\services\impl\CartServiceImpl.class]
2023-03-12 14:41:43 DEBUG - Identified candidate component class: file [E:\IT-CAMP7\2022.12.04-book-store\book-store\target\classes\pl\camp\it\book\store\services\impl\OrderPositionServiceImpl.class]
2023-03-12 14:41:43 DEBUG - Identified candidate component class: file [E:\IT-CAMP7\2022.12.04-book-store\book-store\target\classes\pl\camp\it\book\store\services\impl\OrderServiceImpl.class]
2023-03-12 14:41:43 DEBUG - Identified candidate component class: file [E:\IT-CAMP7\2022.12.04-book-store\book-store\target\classes\pl\camp\it\book\store\services\impl\UserServiceImpl.class]
2023-03-12 14:41:43 DEBUG - Identified candidate component class: file [E:\IT-CAMP7\2022.12.04-book-store\book-store\target\classes\pl\camp\it\book\store\session\SessionObject.class]
2023-03-12 14:41:43 DEBUG - Creating shared instance of singleton bean 'org.springframework.boot.test.mock.mockito.MockitoPostProcessor'
2023-03-12 14:41:43 DEBUG - Creating shared instance of singleton bean 'org.springframework.context.event.internalEventListenerProcessor'
2023-03-12 14:41:43 DEBUG - Creating shared instance of singleton bean 'org.springframework.context.event.internalEventListenerFactory'
2023-03-12 14:41:43 DEBUG - Creating shared instance of singleton bean 'org.springframework.context.annotation.internalAutowiredAnnotationProcessor'
2023-03-12 14:41:43 DEBUG - Creating shared instance of singleton bean 'org.springframework.context.annotation.internalCommonAnnotationProcessor'
2023-03-12 14:41:43 DEBUG - Creating shared instance of singleton bean 'org.springframework.boot.test.mock.mockito.MockitoPostProcessor$SpyPostProcessor'
2023-03-12 14:41:43 DEBUG - Creating shared instance of singleton bean 'org.springframework.context.annotation.internalScheduledAnnotationProcessor'
2023-03-12 14:41:43 DEBUG - Creating shared instance of singleton bean 'org.springframework.scheduling.annotation.SchedulingConfiguration'
2023-03-12 14:41:43 DEBUG - Unable to locate ThemeSource with name 'themeSource': using default [org.springframework.ui.context.support.ResourceBundleThemeSource@1d782abe]
2023-03-12 14:41:43 DEBUG - Creating shared instance of singleton bean 'testConfiguration'
2023-03-12 14:41:43 DEBUG - Creating shared instance of singleton bean 'authenticationController'
2023-03-12 14:41:43 DEBUG - Creating shared instance of singleton bean 'sessionObject'
2023-03-12 14:41:43 DEBUG - Creating shared instance of singleton bean 'authenticationServiceImpl'
2023-03-12 14:41:43 DEBUG - Creating shared instance of singleton bean 'userDAO'
2023-03-12 14:41:43 DEBUG - Creating shared instance of singleton bean 'bookController'
2023-03-12 14:41:43 DEBUG - Creating shared instance of singleton bean 'bookServiceImpl'
2023-03-12 14:41:43 DEBUG - Creating shared instance of singleton bean 'bookDAO'
2023-03-12 14:41:43 DEBUG - Creating shared instance of singleton bean 'cartController'
2023-03-12 14:41:43 DEBUG - Creating shared instance of singleton bean 'cartServiceImpl'
2023-03-12 14:41:43 DEBUG - Creating shared instance of singleton bean 'commonController'
2023-03-12 14:41:43 DEBUG - Creating shared instance of singleton bean 'orderController'
2023-03-12 14:41:43 DEBUG - Creating shared instance of singleton bean 'orderServiceImpl'
2023-03-12 14:41:43 DEBUG - Creating shared instance of singleton bean 'orderDAO'
2023-03-12 14:41:43 DEBUG - Creating shared instance of singleton bean 'restApiBookController'
2023-03-12 14:41:43 DEBUG - Creating shared instance of singleton bean 'restApiOrderController'
2023-03-12 14:41:43 DEBUG - Creating shared instance of singleton bean 'restApiOrderPositionController'
2023-03-12 14:41:43 DEBUG - Creating shared instance of singleton bean 'orderPositionServiceImpl'
2023-03-12 14:41:43 DEBUG - Creating shared instance of singleton bean 'orderPositionDAO'
2023-03-12 14:41:43 DEBUG - Creating shared instance of singleton bean 'restApiUserController'
2023-03-12 14:41:43 DEBUG - Creating shared instance of singleton bean 'userServiceImpl'
2023-03-12 14:41:43 DEBUG - Spring test ApplicationContext cache statistics: [DefaultContextCache@7e7f0f0a size = 1, maxSize = 32, parentContextCount = 0, hitCount = 0, missCount = 1]
2023-03-12 14:41:43 DEBUG - Setting up MockHttpServletRequest, MockHttpServletResponse, ServletWebRequest, and RequestContextHolder for test class pl.camp.it.book.store.services.impl.AuthenticationServiceImplTest
2023-03-12 14:41:43 DEBUG - Performing dependency injection for test class pl.camp.it.book.store.services.impl.AuthenticationServiceImplTest
2023-03-12 14:41:43 DEBUG - Spring test ApplicationContext cache statistics: [DefaultContextCache@7e7f0f0a size = 1, maxSize = 32, parentContextCount = 0, hitCount = 1, missCount = 1]
2023-03-12 14:41:43 DEBUG - Spring test ApplicationContext cache statistics: [DefaultContextCache@7e7f0f0a size = 1, maxSize = 32, parentContextCount = 0, hitCount = 2, missCount = 1]
2023-03-12 14:41:43 DEBUG - Before test method: class [AuthenticationServiceImplTest], method [correctAuthenticationTest], class annotated with @DirtiesContext [false] with mode [null], method annotated with @DirtiesContext [false] with mode [null]
2023-03-12 14:41:43 DEBUG - Spring test ApplicationContext cache statistics: [DefaultContextCache@7e7f0f0a size = 1, maxSize = 32, parentContextCount = 0, hitCount = 3, missCount = 1]
2023-03-12 14:41:43 DEBUG - Spring test ApplicationContext cache statistics: [DefaultContextCache@7e7f0f0a size = 1, maxSize = 32, parentContextCount = 0, hitCount = 4, missCount = 1]
2023-03-12 14:41:43 DEBUG - Spring test ApplicationContext cache statistics: [DefaultContextCache@7e7f0f0a size = 1, maxSize = 32, parentContextCount = 0, hitCount = 5, missCount = 1]
2023-03-12 14:41:43 DEBUG - Spring test ApplicationContext cache statistics: [DefaultContextCache@7e7f0f0a size = 1, maxSize = 32, parentContextCount = 0, hitCount = 6, missCount = 1]
2023-03-12 14:41:43 DEBUG - Spring test ApplicationContext cache statistics: [DefaultContextCache@7e7f0f0a size = 1, maxSize = 32, parentContextCount = 0, hitCount = 7, missCount = 1]
2023-03-12 14:41:43 DEBUG - Spring test ApplicationContext cache statistics: [DefaultContextCache@7e7f0f0a size = 1, maxSize = 32, parentContextCount = 0, hitCount = 8, missCount = 1]
2023-03-12 14:41:43 DEBUG - Spring test ApplicationContext cache statistics: [DefaultContextCache@7e7f0f0a size = 1, maxSize = 32, parentContextCount = 0, hitCount = 9, missCount = 1]
2023-03-12 14:41:43 DEBUG - Spring test ApplicationContext cache statistics: [DefaultContextCache@7e7f0f0a size = 1, maxSize = 32, parentContextCount = 0, hitCount = 10, missCount = 1]
2023-03-12 14:41:43 DEBUG - Spring test ApplicationContext cache statistics: [DefaultContextCache@7e7f0f0a size = 1, maxSize = 32, parentContextCount = 0, hitCount = 11, missCount = 1]
2023-03-12 14:41:43 DEBUG - After test method: class [AuthenticationServiceImplTest], method [correctAuthenticationTest], class annotated with @DirtiesContext [false] with mode [null], method annotated with @DirtiesContext [false] with mode [null]
2023-03-12 14:41:43 DEBUG - Resetting RequestContextHolder for test class pl.camp.it.book.store.services.impl.AuthenticationServiceImplTest
2023-03-12 14:41:43 DEBUG - Spring test ApplicationContext cache statistics: [DefaultContextCache@7e7f0f0a size = 1, maxSize = 32, parentContextCount = 0, hitCount = 12, missCount = 1]
2023-03-12 14:41:43 DEBUG - After test class: class [AuthenticationServiceImplTest], class annotated with @DirtiesContext [false] with mode [null]
2023-03-12 14:41:43 DEBUG - Closing org.springframework.web.context.support.GenericWebApplicationContext@65aa6596, started on Sun Mar 12 14:41:42 CET 2023
